<?xml version="1.0" encoding="UTF-8"?>
<testng-results skipped="0" failed="0" total="1" passed="1">
  <reporter-output>
  </reporter-output>
  <suite name="Suite" duration-ms="17636" started-at="2018-01-14T00:28:52Z" finished-at="2018-01-14T00:29:09Z">
    <groups>
    </groups>
    <test name="Test" duration-ms="17636" started-at="2018-01-14T00:28:52Z" finished-at="2018-01-14T00:29:09Z">
      <class name="Jenkins.Jenkins">
        <test-method status="PASS" signature="testJenkins()[pri:0, instance:Jenkins.Jenkins@65e579dc]" name="testJenkins" duration-ms="17618" started-at="2018-01-13T19:28:52Z" finished-at="2018-01-13T19:29:09Z">
          <reporter-output>
          </reporter-output>
        </test-method> <!-- testJenkins -->
      </class> <!-- Jenkins.Jenkins -->
    </test> <!-- Test -->
  </suite> <!-- Suite -->
</testng-results>
